<?xml version="1.0" encoding="UTF-8"?><testsuite errors="1" failures="1" name="UpdateInfo" skipped="0" tests="2" time="73.77" timestamp="2022-09-10 05:09:46"><testcase name="Firstname"><failure message="Expected enabled element was not enabled" type="net.thucydides.core.webdriver.exceptions.ElementShouldBeEnabledException">Expected enabled element was not enabled</failure><system-err>Expected enabled element was not enabled&#13;
com.speedup.qa.task.Update.performAs(Update.java:22)&#13;
com.speedup.qa.stepdefinitions.UpdateStep.theButtonIsPressedItWillAskForToEnterAFirstName(UpdateStep.java:40)&#13;
cucumber.runner.Runner.runPickle(Runner.java:80)&#13;
</system-err></testcase><testcase name="Lastname"><error message="Arity mismatch: Step Definition 'com.speedup.qa.stepdefinitions.UpdateStep.theButtonIsPressedItWillAskForToEnterALastName() in file:/E:/Desktop/Automatizacion_wappi/wappi/target/test-classes/' with pattern [^the button is pressed it will ask for to enter a Last name$] is declared with 0 parameters. However, the gherkin step has 1 arguments [Table:[[lastname], [Rojas]]]. &#10;Step text: the button is pressed it will ask for to enter a Last name" type="cucumber.runtime.CucumberException">Arity mismatch: Step Definition 'com.speedup.qa.stepdefinitions.UpdateStep.theButtonIsPressedItWillAskForToEnterALastName() in file:/E:/Desktop/Automatizacion_wappi/wappi/target/test-classes/' with pattern [^the button is pressed it will ask for to enter a Last name$] is declared with 0 parameters. However, the gherkin step has 1 arguments [Table:[[lastname], [Rojas]]]. 
Step text: the button is pressed it will ask for to enter a Last name</error><system-err>Arity mismatch: Step Definition 'com.speedup.qa.stepdefinitions.UpdateStep.theButtonIsPressedItWillAskForToEnterALastName() in file:/E:/Desktop/Automatizacion_wappi/wappi/target/test-classes/' with pattern [^the button is pressed it will ask for to enter a Last name$] is declared with 0 parameters. However, the gherkin step has 1 arguments [Table:[[lastname], [Rojas]]]. 
Step text: the button is pressed it will ask for to enter a Last name&#13;
cucumber.runner.Runner.runPickle(Runner.java:80)&#13;
</system-err></testcase></testsuite>